{"level":"warn","ts":"2024-06-04T10:57:26.463357+0800","caller":"embed/config.go:687","msg":"Running http and grpc server on single port. This is not recommended for production."}
{"level":"info","ts":"2024-06-04T10:57:26.463652+0800","caller":"etcdmain/etcd.go:73","msg":"Running: ","args":["etcd"]}
{"level":"warn","ts":"2024-06-04T10:57:26.463783+0800","caller":"etcdmain/etcd.go:105","msg":"'data-dir' was empty; using default","data-dir":"default.etcd"}
{"level":"info","ts":"2024-06-04T10:57:26.464633+0800","caller":"etcdmain/etcd.go:116","msg":"server has been already initialized","data-dir":"default.etcd","dir-type":"member"}
{"level":"warn","ts":"2024-06-04T10:57:26.464753+0800","caller":"embed/config.go:687","msg":"Running http and grpc server on single port. This is not recommended for production."}
{"level":"info","ts":"2024-06-04T10:57:26.464982+0800","caller":"embed/etcd.go:127","msg":"configuring peer listeners","listen-peer-urls":["http://localhost:2380"]}
{"level":"error","ts":"2024-06-04T10:57:26.465754+0800","caller":"embed/etcd.go:537","msg":"creating peer listener failed","error":"listen tcp 127.0.0.1:2380: bind: address already in use","stacktrace":"go.etcd.io/etcd/server/v3/embed.configurePeerListeners\n\tgo.etcd.io/etcd/server/v3/embed/etcd.go:537\ngo.etcd.io/etcd/server/v3/embed.StartEtcd\n\tgo.etcd.io/etcd/server/v3/embed/etcd.go:131\ngo.etcd.io/etcd/server/v3/etcdmain.startEtcd\n\tgo.etcd.io/etcd/server/v3/etcdmain/etcd.go:228\ngo.etcd.io/etcd/server/v3/etcdmain.startEtcdOrProxyV2\n\tgo.etcd.io/etcd/server/v3/etcdmain/etcd.go:123\ngo.etcd.io/etcd/server/v3/etcdmain.Main\n\tgo.etcd.io/etcd/server/v3/etcdmain/main.go:40\nmain.main\n\tgo.etcd.io/etcd/server/v3/main.go:31\nruntime.main\n\truntime/proc.go:267"}
{"level":"info","ts":"2024-06-04T10:57:26.465914+0800","caller":"embed/etcd.go:376","msg":"closing etcd server","name":"default","data-dir":"default.etcd","advertise-peer-urls":["http://localhost:2380"],"advertise-client-urls":["http://localhost:2379"]}
{"level":"info","ts":"2024-06-04T10:57:26.466015+0800","caller":"embed/etcd.go:378","msg":"closed etcd server","name":"default","data-dir":"default.etcd","advertise-peer-urls":["http://localhost:2380"],"advertise-client-urls":["http://localhost:2379"]}
{"level":"fatal","ts":"2024-06-04T10:57:26.467219+0800","caller":"etcdmain/etcd.go:204","msg":"discovery failed","error":"listen tcp 127.0.0.1:2380: bind: address already in use","stacktrace":"go.etcd.io/etcd/server/v3/etcdmain.startEtcdOrProxyV2\n\tgo.etcd.io/etcd/server/v3/etcdmain/etcd.go:204\ngo.etcd.io/etcd/server/v3/etcdmain.Main\n\tgo.etcd.io/etcd/server/v3/etcdmain/main.go:40\nmain.main\n\tgo.etcd.io/etcd/server/v3/main.go:31\nruntime.main\n\truntime/proc.go:267"}
{"level":"warn","ts":"2024-06-04T10:58:42.337606+0800","caller":"embed/config.go:687","msg":"Running http and grpc server on single port. This is not recommended for production."}
{"level":"info","ts":"2024-06-04T10:58:42.337865+0800","caller":"etcdmain/etcd.go:73","msg":"Running: ","args":["etcd"]}
{"level":"warn","ts":"2024-06-04T10:58:42.337986+0800","caller":"etcdmain/etcd.go:105","msg":"'data-dir' was empty; using default","data-dir":"default.etcd"}
{"level":"info","ts":"2024-06-04T10:58:42.338778+0800","caller":"etcdmain/etcd.go:116","msg":"server has been already initialized","data-dir":"default.etcd","dir-type":"member"}
{"level":"warn","ts":"2024-06-04T10:58:42.33889+0800","caller":"embed/config.go:687","msg":"Running http and grpc server on single port. This is not recommended for production."}
{"level":"info","ts":"2024-06-04T10:58:42.338988+0800","caller":"embed/etcd.go:127","msg":"configuring peer listeners","listen-peer-urls":["http://localhost:2380"]}
{"level":"error","ts":"2024-06-04T10:58:42.33928+0800","caller":"embed/etcd.go:537","msg":"creating peer listener failed","error":"listen tcp 127.0.0.1:2380: bind: address already in use","stacktrace":"go.etcd.io/etcd/server/v3/embed.configurePeerListeners\n\tgo.etcd.io/etcd/server/v3/embed/etcd.go:537\ngo.etcd.io/etcd/server/v3/embed.StartEtcd\n\tgo.etcd.io/etcd/server/v3/embed/etcd.go:131\ngo.etcd.io/etcd/server/v3/etcdmain.startEtcd\n\tgo.etcd.io/etcd/server/v3/etcdmain/etcd.go:228\ngo.etcd.io/etcd/server/v3/etcdmain.startEtcdOrProxyV2\n\tgo.etcd.io/etcd/server/v3/etcdmain/etcd.go:123\ngo.etcd.io/etcd/server/v3/etcdmain.Main\n\tgo.etcd.io/etcd/server/v3/etcdmain/main.go:40\nmain.main\n\tgo.etcd.io/etcd/server/v3/main.go:31\nruntime.main\n\truntime/proc.go:267"}
{"level":"info","ts":"2024-06-04T10:58:42.33947+0800","caller":"embed/etcd.go:376","msg":"closing etcd server","name":"default","data-dir":"default.etcd","advertise-peer-urls":["http://localhost:2380"],"advertise-client-urls":["http://localhost:2379"]}
{"level":"info","ts":"2024-06-04T10:58:42.339564+0800","caller":"embed/etcd.go:378","msg":"closed etcd server","name":"default","data-dir":"default.etcd","advertise-peer-urls":["http://localhost:2380"],"advertise-client-urls":["http://localhost:2379"]}
{"level":"fatal","ts":"2024-06-04T10:58:42.34796+0800","caller":"etcdmain/etcd.go:204","msg":"discovery failed","error":"listen tcp 127.0.0.1:2380: bind: address already in use","stacktrace":"go.etcd.io/etcd/server/v3/etcdmain.startEtcdOrProxyV2\n\tgo.etcd.io/etcd/server/v3/etcdmain/etcd.go:204\ngo.etcd.io/etcd/server/v3/etcdmain.Main\n\tgo.etcd.io/etcd/server/v3/etcdmain/main.go:40\nmain.main\n\tgo.etcd.io/etcd/server/v3/main.go:31\nruntime.main\n\truntime/proc.go:267"}
{"level":"warn","ts":"2024-06-04T10:58:48.769833+0800","caller":"embed/config.go:687","msg":"Running http and grpc server on single port. This is not recommended for production."}
{"level":"info","ts":"2024-06-04T10:58:48.770135+0800","caller":"etcdmain/etcd.go:73","msg":"Running: ","args":["etcd"]}
{"level":"warn","ts":"2024-06-04T10:58:48.770257+0800","caller":"etcdmain/etcd.go:105","msg":"'data-dir' was empty; using default","data-dir":"default.etcd"}
{"level":"info","ts":"2024-06-04T10:58:48.771027+0800","caller":"etcdmain/etcd.go:116","msg":"server has been already initialized","data-dir":"default.etcd","dir-type":"member"}
{"level":"warn","ts":"2024-06-04T10:58:48.771149+0800","caller":"embed/config.go:687","msg":"Running http and grpc server on single port. This is not recommended for production."}
{"level":"info","ts":"2024-06-04T10:58:48.771251+0800","caller":"embed/etcd.go:127","msg":"configuring peer listeners","listen-peer-urls":["http://localhost:2380"]}
{"level":"error","ts":"2024-06-04T10:58:48.771525+0800","caller":"embed/etcd.go:537","msg":"creating peer listener failed","error":"listen tcp 127.0.0.1:2380: bind: address already in use","stacktrace":"go.etcd.io/etcd/server/v3/embed.configurePeerListeners\n\tgo.etcd.io/etcd/server/v3/embed/etcd.go:537\ngo.etcd.io/etcd/server/v3/embed.StartEtcd\n\tgo.etcd.io/etcd/server/v3/embed/etcd.go:131\ngo.etcd.io/etcd/server/v3/etcdmain.startEtcd\n\tgo.etcd.io/etcd/server/v3/etcdmain/etcd.go:228\ngo.etcd.io/etcd/server/v3/etcdmain.startEtcdOrProxyV2\n\tgo.etcd.io/etcd/server/v3/etcdmain/etcd.go:123\ngo.etcd.io/etcd/server/v3/etcdmain.Main\n\tgo.etcd.io/etcd/server/v3/etcdmain/main.go:40\nmain.main\n\tgo.etcd.io/etcd/server/v3/main.go:31\nruntime.main\n\truntime/proc.go:267"}
{"level":"info","ts":"2024-06-04T10:58:48.771664+0800","caller":"embed/etcd.go:376","msg":"closing etcd server","name":"default","data-dir":"default.etcd","advertise-peer-urls":["http://localhost:2380"],"advertise-client-urls":["http://localhost:2379"]}
{"level":"info","ts":"2024-06-04T10:58:48.771769+0800","caller":"embed/etcd.go:378","msg":"closed etcd server","name":"default","data-dir":"default.etcd","advertise-peer-urls":["http://localhost:2380"],"advertise-client-urls":["http://localhost:2379"]}
{"level":"fatal","ts":"2024-06-04T10:58:48.773406+0800","caller":"etcdmain/etcd.go:204","msg":"discovery failed","error":"listen tcp 127.0.0.1:2380: bind: address already in use","stacktrace":"go.etcd.io/etcd/server/v3/etcdmain.startEtcdOrProxyV2\n\tgo.etcd.io/etcd/server/v3/etcdmain/etcd.go:204\ngo.etcd.io/etcd/server/v3/etcdmain.Main\n\tgo.etcd.io/etcd/server/v3/etcdmain/main.go:40\nmain.main\n\tgo.etcd.io/etcd/server/v3/main.go:31\nruntime.main\n\truntime/proc.go:267"}
{"level":"warn","ts":"2024-06-04T11:09:32.169101+0800","caller":"embed/config.go:687","msg":"Running http and grpc server on single port. This is not recommended for production."}
{"level":"info","ts":"2024-06-04T11:09:32.169823+0800","caller":"etcdmain/etcd.go:73","msg":"Running: ","args":["etcd"]}
{"level":"warn","ts":"2024-06-04T11:09:32.169998+0800","caller":"etcdmain/etcd.go:105","msg":"'data-dir' was empty; using default","data-dir":"default.etcd"}
{"level":"info","ts":"2024-06-04T11:09:32.170938+0800","caller":"etcdmain/etcd.go:116","msg":"server has been already initialized","data-dir":"default.etcd","dir-type":"member"}
{"level":"warn","ts":"2024-06-04T11:09:32.171065+0800","caller":"embed/config.go:687","msg":"Running http and grpc server on single port. This is not recommended for production."}
{"level":"info","ts":"2024-06-04T11:09:32.171163+0800","caller":"embed/etcd.go:127","msg":"configuring peer listeners","listen-peer-urls":["http://localhost:2380"]}
{"level":"error","ts":"2024-06-04T11:09:32.171825+0800","caller":"embed/etcd.go:537","msg":"creating peer listener failed","error":"listen tcp 127.0.0.1:2380: bind: address already in use","stacktrace":"go.etcd.io/etcd/server/v3/embed.configurePeerListeners\n\tgo.etcd.io/etcd/server/v3/embed/etcd.go:537\ngo.etcd.io/etcd/server/v3/embed.StartEtcd\n\tgo.etcd.io/etcd/server/v3/embed/etcd.go:131\ngo.etcd.io/etcd/server/v3/etcdmain.startEtcd\n\tgo.etcd.io/etcd/server/v3/etcdmain/etcd.go:228\ngo.etcd.io/etcd/server/v3/etcdmain.startEtcdOrProxyV2\n\tgo.etcd.io/etcd/server/v3/etcdmain/etcd.go:123\ngo.etcd.io/etcd/server/v3/etcdmain.Main\n\tgo.etcd.io/etcd/server/v3/etcdmain/main.go:40\nmain.main\n\tgo.etcd.io/etcd/server/v3/main.go:31\nruntime.main\n\truntime/proc.go:267"}
{"level":"info","ts":"2024-06-04T11:09:32.171979+0800","caller":"embed/etcd.go:376","msg":"closing etcd server","name":"default","data-dir":"default.etcd","advertise-peer-urls":["http://localhost:2380"],"advertise-client-urls":["http://localhost:2379"]}
{"level":"info","ts":"2024-06-04T11:09:32.172094+0800","caller":"embed/etcd.go:378","msg":"closed etcd server","name":"default","data-dir":"default.etcd","advertise-peer-urls":["http://localhost:2380"],"advertise-client-urls":["http://localhost:2379"]}
{"level":"fatal","ts":"2024-06-04T11:09:32.173535+0800","caller":"etcdmain/etcd.go:204","msg":"discovery failed","error":"listen tcp 127.0.0.1:2380: bind: address already in use","stacktrace":"go.etcd.io/etcd/server/v3/etcdmain.startEtcdOrProxyV2\n\tgo.etcd.io/etcd/server/v3/etcdmain/etcd.go:204\ngo.etcd.io/etcd/server/v3/etcdmain.Main\n\tgo.etcd.io/etcd/server/v3/etcdmain/main.go:40\nmain.main\n\tgo.etcd.io/etcd/server/v3/main.go:31\nruntime.main\n\truntime/proc.go:267"}
{"level":"warn","ts":"2024-06-04T11:19:16.63973+0800","caller":"embed/config.go:687","msg":"Running http and grpc server on single port. This is not recommended for production."}
{"level":"info","ts":"2024-06-04T11:19:16.640421+0800","caller":"etcdmain/etcd.go:73","msg":"Running: ","args":["etcd"]}
{"level":"warn","ts":"2024-06-04T11:19:16.640564+0800","caller":"etcdmain/etcd.go:105","msg":"'data-dir' was empty; using default","data-dir":"default.etcd"}
{"level":"info","ts":"2024-06-04T11:19:16.641653+0800","caller":"etcdmain/etcd.go:116","msg":"server has been already initialized","data-dir":"default.etcd","dir-type":"member"}
{"level":"warn","ts":"2024-06-04T11:19:16.641775+0800","caller":"embed/config.go:687","msg":"Running http and grpc server on single port. This is not recommended for production."}
{"level":"info","ts":"2024-06-04T11:19:16.641895+0800","caller":"embed/etcd.go:127","msg":"configuring peer listeners","listen-peer-urls":["http://localhost:2380"]}
{"level":"error","ts":"2024-06-04T11:19:16.642313+0800","caller":"embed/etcd.go:537","msg":"creating peer listener failed","error":"listen tcp 127.0.0.1:2380: bind: address already in use","stacktrace":"go.etcd.io/etcd/server/v3/embed.configurePeerListeners\n\tgo.etcd.io/etcd/server/v3/embed/etcd.go:537\ngo.etcd.io/etcd/server/v3/embed.StartEtcd\n\tgo.etcd.io/etcd/server/v3/embed/etcd.go:131\ngo.etcd.io/etcd/server/v3/etcdmain.startEtcd\n\tgo.etcd.io/etcd/server/v3/etcdmain/etcd.go:228\ngo.etcd.io/etcd/server/v3/etcdmain.startEtcdOrProxyV2\n\tgo.etcd.io/etcd/server/v3/etcdmain/etcd.go:123\ngo.etcd.io/etcd/server/v3/etcdmain.Main\n\tgo.etcd.io/etcd/server/v3/etcdmain/main.go:40\nmain.main\n\tgo.etcd.io/etcd/server/v3/main.go:31\nruntime.main\n\truntime/proc.go:267"}
{"level":"info","ts":"2024-06-04T11:19:16.642529+0800","caller":"embed/etcd.go:376","msg":"closing etcd server","name":"default","data-dir":"default.etcd","advertise-peer-urls":["http://localhost:2380"],"advertise-client-urls":["http://localhost:2379"]}
{"level":"info","ts":"2024-06-04T11:19:16.64264+0800","caller":"embed/etcd.go:378","msg":"closed etcd server","name":"default","data-dir":"default.etcd","advertise-peer-urls":["http://localhost:2380"],"advertise-client-urls":["http://localhost:2379"]}
{"level":"fatal","ts":"2024-06-04T11:19:16.643877+0800","caller":"etcdmain/etcd.go:204","msg":"discovery failed","error":"listen tcp 127.0.0.1:2380: bind: address already in use","stacktrace":"go.etcd.io/etcd/server/v3/etcdmain.startEtcdOrProxyV2\n\tgo.etcd.io/etcd/server/v3/etcdmain/etcd.go:204\ngo.etcd.io/etcd/server/v3/etcdmain.Main\n\tgo.etcd.io/etcd/server/v3/etcdmain/main.go:40\nmain.main\n\tgo.etcd.io/etcd/server/v3/main.go:31\nruntime.main\n\truntime/proc.go:267"}
{"level":"warn","ts":"2024-06-04T11:20:28.453609+0800","caller":"embed/config.go:687","msg":"Running http and grpc server on single port. This is not recommended for production."}
{"level":"info","ts":"2024-06-04T11:20:28.453928+0800","caller":"etcdmain/etcd.go:73","msg":"Running: ","args":["etcd"]}
{"level":"warn","ts":"2024-06-04T11:20:28.454071+0800","caller":"etcdmain/etcd.go:105","msg":"'data-dir' was empty; using default","data-dir":"default.etcd"}
{"level":"info","ts":"2024-06-04T11:20:28.45494+0800","caller":"etcdmain/etcd.go:116","msg":"server has been already initialized","data-dir":"default.etcd","dir-type":"member"}
{"level":"warn","ts":"2024-06-04T11:20:28.455059+0800","caller":"embed/config.go:687","msg":"Running http and grpc server on single port. This is not recommended for production."}
{"level":"info","ts":"2024-06-04T11:20:28.455187+0800","caller":"embed/etcd.go:127","msg":"configuring peer listeners","listen-peer-urls":["http://localhost:2380"]}
{"level":"error","ts":"2024-06-04T11:20:28.455689+0800","caller":"embed/etcd.go:537","msg":"creating peer listener failed","error":"listen tcp 127.0.0.1:2380: bind: address already in use","stacktrace":"go.etcd.io/etcd/server/v3/embed.configurePeerListeners\n\tgo.etcd.io/etcd/server/v3/embed/etcd.go:537\ngo.etcd.io/etcd/server/v3/embed.StartEtcd\n\tgo.etcd.io/etcd/server/v3/embed/etcd.go:131\ngo.etcd.io/etcd/server/v3/etcdmain.startEtcd\n\tgo.etcd.io/etcd/server/v3/etcdmain/etcd.go:228\ngo.etcd.io/etcd/server/v3/etcdmain.startEtcdOrProxyV2\n\tgo.etcd.io/etcd/server/v3/etcdmain/etcd.go:123\ngo.etcd.io/etcd/server/v3/etcdmain.Main\n\tgo.etcd.io/etcd/server/v3/etcdmain/main.go:40\nmain.main\n\tgo.etcd.io/etcd/server/v3/main.go:31\nruntime.main\n\truntime/proc.go:267"}
{"level":"info","ts":"2024-06-04T11:20:28.455877+0800","caller":"embed/etcd.go:376","msg":"closing etcd server","name":"default","data-dir":"default.etcd","advertise-peer-urls":["http://localhost:2380"],"advertise-client-urls":["http://localhost:2379"]}
{"level":"info","ts":"2024-06-04T11:20:28.456004+0800","caller":"embed/etcd.go:378","msg":"closed etcd server","name":"default","data-dir":"default.etcd","advertise-peer-urls":["http://localhost:2380"],"advertise-client-urls":["http://localhost:2379"]}
{"level":"fatal","ts":"2024-06-04T11:20:28.457592+0800","caller":"etcdmain/etcd.go:204","msg":"discovery failed","error":"listen tcp 127.0.0.1:2380: bind: address already in use","stacktrace":"go.etcd.io/etcd/server/v3/etcdmain.startEtcdOrProxyV2\n\tgo.etcd.io/etcd/server/v3/etcdmain/etcd.go:204\ngo.etcd.io/etcd/server/v3/etcdmain.Main\n\tgo.etcd.io/etcd/server/v3/etcdmain/main.go:40\nmain.main\n\tgo.etcd.io/etcd/server/v3/main.go:31\nruntime.main\n\truntime/proc.go:267"}
{"level":"warn","ts":"2024-06-04T11:21:14.084752+0800","caller":"embed/config.go:687","msg":"Running http and grpc server on single port. This is not recommended for production."}
{"level":"info","ts":"2024-06-04T11:21:14.08505+0800","caller":"etcdmain/etcd.go:73","msg":"Running: ","args":["etcd"]}
{"level":"warn","ts":"2024-06-04T11:21:14.085152+0800","caller":"etcdmain/etcd.go:105","msg":"'data-dir' was empty; using default","data-dir":"default.etcd"}
{"level":"info","ts":"2024-06-04T11:21:14.085847+0800","caller":"etcdmain/etcd.go:116","msg":"server has been already initialized","data-dir":"default.etcd","dir-type":"member"}
{"level":"warn","ts":"2024-06-04T11:21:14.085942+0800","caller":"embed/config.go:687","msg":"Running http and grpc server on single port. This is not recommended for production."}
{"level":"info","ts":"2024-06-04T11:21:14.086028+0800","caller":"embed/etcd.go:127","msg":"configuring peer listeners","listen-peer-urls":["http://localhost:2380"]}
{"level":"error","ts":"2024-06-04T11:21:14.086303+0800","caller":"embed/etcd.go:537","msg":"creating peer listener failed","error":"listen tcp 127.0.0.1:2380: bind: address already in use","stacktrace":"go.etcd.io/etcd/server/v3/embed.configurePeerListeners\n\tgo.etcd.io/etcd/server/v3/embed/etcd.go:537\ngo.etcd.io/etcd/server/v3/embed.StartEtcd\n\tgo.etcd.io/etcd/server/v3/embed/etcd.go:131\ngo.etcd.io/etcd/server/v3/etcdmain.startEtcd\n\tgo.etcd.io/etcd/server/v3/etcdmain/etcd.go:228\ngo.etcd.io/etcd/server/v3/etcdmain.startEtcdOrProxyV2\n\tgo.etcd.io/etcd/server/v3/etcdmain/etcd.go:123\ngo.etcd.io/etcd/server/v3/etcdmain.Main\n\tgo.etcd.io/etcd/server/v3/etcdmain/main.go:40\nmain.main\n\tgo.etcd.io/etcd/server/v3/main.go:31\nruntime.main\n\truntime/proc.go:267"}
{"level":"info","ts":"2024-06-04T11:21:14.086422+0800","caller":"embed/etcd.go:376","msg":"closing etcd server","name":"default","data-dir":"default.etcd","advertise-peer-urls":["http://localhost:2380"],"advertise-client-urls":["http://localhost:2379"]}
{"level":"info","ts":"2024-06-04T11:21:14.086507+0800","caller":"embed/etcd.go:378","msg":"closed etcd server","name":"default","data-dir":"default.etcd","advertise-peer-urls":["http://localhost:2380"],"advertise-client-urls":["http://localhost:2379"]}
{"level":"fatal","ts":"2024-06-04T11:21:14.095695+0800","caller":"etcdmain/etcd.go:204","msg":"discovery failed","error":"listen tcp 127.0.0.1:2380: bind: address already in use","stacktrace":"go.etcd.io/etcd/server/v3/etcdmain.startEtcdOrProxyV2\n\tgo.etcd.io/etcd/server/v3/etcdmain/etcd.go:204\ngo.etcd.io/etcd/server/v3/etcdmain.Main\n\tgo.etcd.io/etcd/server/v3/etcdmain/main.go:40\nmain.main\n\tgo.etcd.io/etcd/server/v3/main.go:31\nruntime.main\n\truntime/proc.go:267"}
{"level":"warn","ts":"2024-06-04T11:28:29.784882+0800","caller":"embed/config.go:687","msg":"Running http and grpc server on single port. This is not recommended for production."}
{"level":"info","ts":"2024-06-04T11:28:29.785374+0800","caller":"etcdmain/etcd.go:73","msg":"Running: ","args":["etcd"]}
{"level":"warn","ts":"2024-06-04T11:28:29.7855+0800","caller":"etcdmain/etcd.go:105","msg":"'data-dir' was empty; using default","data-dir":"default.etcd"}
{"level":"info","ts":"2024-06-04T11:28:29.786317+0800","caller":"etcdmain/etcd.go:116","msg":"server has been already initialized","data-dir":"default.etcd","dir-type":"member"}
{"level":"warn","ts":"2024-06-04T11:28:29.786423+0800","caller":"embed/config.go:687","msg":"Running http and grpc server on single port. This is not recommended for production."}
{"level":"info","ts":"2024-06-04T11:28:29.786519+0800","caller":"embed/etcd.go:127","msg":"configuring peer listeners","listen-peer-urls":["http://localhost:2380"]}
{"level":"error","ts":"2024-06-04T11:28:29.786836+0800","caller":"embed/etcd.go:537","msg":"creating peer listener failed","error":"listen tcp 127.0.0.1:2380: bind: address already in use","stacktrace":"go.etcd.io/etcd/server/v3/embed.configurePeerListeners\n\tgo.etcd.io/etcd/server/v3/embed/etcd.go:537\ngo.etcd.io/etcd/server/v3/embed.StartEtcd\n\tgo.etcd.io/etcd/server/v3/embed/etcd.go:131\ngo.etcd.io/etcd/server/v3/etcdmain.startEtcd\n\tgo.etcd.io/etcd/server/v3/etcdmain/etcd.go:228\ngo.etcd.io/etcd/server/v3/etcdmain.startEtcdOrProxyV2\n\tgo.etcd.io/etcd/server/v3/etcdmain/etcd.go:123\ngo.etcd.io/etcd/server/v3/etcdmain.Main\n\tgo.etcd.io/etcd/server/v3/etcdmain/main.go:40\nmain.main\n\tgo.etcd.io/etcd/server/v3/main.go:31\nruntime.main\n\truntime/proc.go:267"}
{"level":"info","ts":"2024-06-04T11:28:29.78703+0800","caller":"embed/etcd.go:376","msg":"closing etcd server","name":"default","data-dir":"default.etcd","advertise-peer-urls":["http://localhost:2380"],"advertise-client-urls":["http://localhost:2379"]}
{"level":"info","ts":"2024-06-04T11:28:29.787128+0800","caller":"embed/etcd.go:378","msg":"closed etcd server","name":"default","data-dir":"default.etcd","advertise-peer-urls":["http://localhost:2380"],"advertise-client-urls":["http://localhost:2379"]}
{"level":"fatal","ts":"2024-06-04T11:28:29.788412+0800","caller":"etcdmain/etcd.go:204","msg":"discovery failed","error":"listen tcp 127.0.0.1:2380: bind: address already in use","stacktrace":"go.etcd.io/etcd/server/v3/etcdmain.startEtcdOrProxyV2\n\tgo.etcd.io/etcd/server/v3/etcdmain/etcd.go:204\ngo.etcd.io/etcd/server/v3/etcdmain.Main\n\tgo.etcd.io/etcd/server/v3/etcdmain/main.go:40\nmain.main\n\tgo.etcd.io/etcd/server/v3/main.go:31\nruntime.main\n\truntime/proc.go:267"}
{"level":"warn","ts":"2024-06-04T11:33:15.044451+0800","caller":"embed/config.go:687","msg":"Running http and grpc server on single port. This is not recommended for production."}
{"level":"info","ts":"2024-06-04T11:33:15.044706+0800","caller":"etcdmain/etcd.go:73","msg":"Running: ","args":["etcd"]}
{"level":"warn","ts":"2024-06-04T11:33:15.044829+0800","caller":"etcdmain/etcd.go:105","msg":"'data-dir' was empty; using default","data-dir":"default.etcd"}
{"level":"info","ts":"2024-06-04T11:33:15.045551+0800","caller":"etcdmain/etcd.go:116","msg":"server has been already initialized","data-dir":"default.etcd","dir-type":"member"}
{"level":"warn","ts":"2024-06-04T11:33:15.04565+0800","caller":"embed/config.go:687","msg":"Running http and grpc server on single port. This is not recommended for production."}
{"level":"info","ts":"2024-06-04T11:33:15.04575+0800","caller":"embed/etcd.go:127","msg":"configuring peer listeners","listen-peer-urls":["http://localhost:2380"]}
{"level":"error","ts":"2024-06-04T11:33:15.046262+0800","caller":"embed/etcd.go:537","msg":"creating peer listener failed","error":"listen tcp 127.0.0.1:2380: bind: address already in use","stacktrace":"go.etcd.io/etcd/server/v3/embed.configurePeerListeners\n\tgo.etcd.io/etcd/server/v3/embed/etcd.go:537\ngo.etcd.io/etcd/server/v3/embed.StartEtcd\n\tgo.etcd.io/etcd/server/v3/embed/etcd.go:131\ngo.etcd.io/etcd/server/v3/etcdmain.startEtcd\n\tgo.etcd.io/etcd/server/v3/etcdmain/etcd.go:228\ngo.etcd.io/etcd/server/v3/etcdmain.startEtcdOrProxyV2\n\tgo.etcd.io/etcd/server/v3/etcdmain/etcd.go:123\ngo.etcd.io/etcd/server/v3/etcdmain.Main\n\tgo.etcd.io/etcd/server/v3/etcdmain/main.go:40\nmain.main\n\tgo.etcd.io/etcd/server/v3/main.go:31\nruntime.main\n\truntime/proc.go:267"}
{"level":"info","ts":"2024-06-04T11:33:15.046447+0800","caller":"embed/etcd.go:376","msg":"closing etcd server","name":"default","data-dir":"default.etcd","advertise-peer-urls":["http://localhost:2380"],"advertise-client-urls":["http://localhost:2379"]}
{"level":"info","ts":"2024-06-04T11:33:15.046652+0800","caller":"embed/etcd.go:378","msg":"closed etcd server","name":"default","data-dir":"default.etcd","advertise-peer-urls":["http://localhost:2380"],"advertise-client-urls":["http://localhost:2379"]}
{"level":"fatal","ts":"2024-06-04T11:33:15.048187+0800","caller":"etcdmain/etcd.go:204","msg":"discovery failed","error":"listen tcp 127.0.0.1:2380: bind: address already in use","stacktrace":"go.etcd.io/etcd/server/v3/etcdmain.startEtcdOrProxyV2\n\tgo.etcd.io/etcd/server/v3/etcdmain/etcd.go:204\ngo.etcd.io/etcd/server/v3/etcdmain.Main\n\tgo.etcd.io/etcd/server/v3/etcdmain/main.go:40\nmain.main\n\tgo.etcd.io/etcd/server/v3/main.go:31\nruntime.main\n\truntime/proc.go:267"}
{"level":"warn","ts":"2024-06-04T11:34:37.549091+0800","caller":"embed/config.go:687","msg":"Running http and grpc server on single port. This is not recommended for production."}
{"level":"info","ts":"2024-06-04T11:34:37.549567+0800","caller":"etcdmain/etcd.go:73","msg":"Running: ","args":["etcd"]}
{"level":"warn","ts":"2024-06-04T11:34:37.549912+0800","caller":"etcdmain/etcd.go:105","msg":"'data-dir' was empty; using default","data-dir":"default.etcd"}
{"level":"info","ts":"2024-06-04T11:34:37.550915+0800","caller":"etcdmain/etcd.go:116","msg":"server has been already initialized","data-dir":"default.etcd","dir-type":"member"}
{"level":"warn","ts":"2024-06-04T11:34:37.551051+0800","caller":"embed/config.go:687","msg":"Running http and grpc server on single port. This is not recommended for production."}
{"level":"info","ts":"2024-06-04T11:34:37.551206+0800","caller":"embed/etcd.go:127","msg":"configuring peer listeners","listen-peer-urls":["http://localhost:2380"]}
{"level":"error","ts":"2024-06-04T11:34:37.551566+0800","caller":"embed/etcd.go:537","msg":"creating peer listener failed","error":"listen tcp 127.0.0.1:2380: bind: address already in use","stacktrace":"go.etcd.io/etcd/server/v3/embed.configurePeerListeners\n\tgo.etcd.io/etcd/server/v3/embed/etcd.go:537\ngo.etcd.io/etcd/server/v3/embed.StartEtcd\n\tgo.etcd.io/etcd/server/v3/embed/etcd.go:131\ngo.etcd.io/etcd/server/v3/etcdmain.startEtcd\n\tgo.etcd.io/etcd/server/v3/etcdmain/etcd.go:228\ngo.etcd.io/etcd/server/v3/etcdmain.startEtcdOrProxyV2\n\tgo.etcd.io/etcd/server/v3/etcdmain/etcd.go:123\ngo.etcd.io/etcd/server/v3/etcdmain.Main\n\tgo.etcd.io/etcd/server/v3/etcdmain/main.go:40\nmain.main\n\tgo.etcd.io/etcd/server/v3/main.go:31\nruntime.main\n\truntime/proc.go:267"}
{"level":"info","ts":"2024-06-04T11:34:37.551779+0800","caller":"embed/etcd.go:376","msg":"closing etcd server","name":"default","data-dir":"default.etcd","advertise-peer-urls":["http://localhost:2380"],"advertise-client-urls":["http://localhost:2379"]}
{"level":"info","ts":"2024-06-04T11:34:37.551899+0800","caller":"embed/etcd.go:378","msg":"closed etcd server","name":"default","data-dir":"default.etcd","advertise-peer-urls":["http://localhost:2380"],"advertise-client-urls":["http://localhost:2379"]}
{"level":"fatal","ts":"2024-06-04T11:34:37.561118+0800","caller":"etcdmain/etcd.go:204","msg":"discovery failed","error":"listen tcp 127.0.0.1:2380: bind: address already in use","stacktrace":"go.etcd.io/etcd/server/v3/etcdmain.startEtcdOrProxyV2\n\tgo.etcd.io/etcd/server/v3/etcdmain/etcd.go:204\ngo.etcd.io/etcd/server/v3/etcdmain.Main\n\tgo.etcd.io/etcd/server/v3/etcdmain/main.go:40\nmain.main\n\tgo.etcd.io/etcd/server/v3/main.go:31\nruntime.main\n\truntime/proc.go:267"}
{"level":"warn","ts":"2024-06-04T11:44:04.294548+0800","caller":"embed/config.go:687","msg":"Running http and grpc server on single port. This is not recommended for production."}
{"level":"info","ts":"2024-06-04T11:44:04.294896+0800","caller":"etcdmain/etcd.go:73","msg":"Running: ","args":["etcd"]}
{"level":"warn","ts":"2024-06-04T11:44:04.295044+0800","caller":"etcdmain/etcd.go:105","msg":"'data-dir' was empty; using default","data-dir":"default.etcd"}
{"level":"info","ts":"2024-06-04T11:44:04.295971+0800","caller":"etcdmain/etcd.go:116","msg":"server has been already initialized","data-dir":"default.etcd","dir-type":"member"}
{"level":"warn","ts":"2024-06-04T11:44:04.296112+0800","caller":"embed/config.go:687","msg":"Running http and grpc server on single port. This is not recommended for production."}
{"level":"info","ts":"2024-06-04T11:44:04.296218+0800","caller":"embed/etcd.go:127","msg":"configuring peer listeners","listen-peer-urls":["http://localhost:2380"]}
{"level":"error","ts":"2024-06-04T11:44:04.296539+0800","caller":"embed/etcd.go:537","msg":"creating peer listener failed","error":"listen tcp 127.0.0.1:2380: bind: address already in use","stacktrace":"go.etcd.io/etcd/server/v3/embed.configurePeerListeners\n\tgo.etcd.io/etcd/server/v3/embed/etcd.go:537\ngo.etcd.io/etcd/server/v3/embed.StartEtcd\n\tgo.etcd.io/etcd/server/v3/embed/etcd.go:131\ngo.etcd.io/etcd/server/v3/etcdmain.startEtcd\n\tgo.etcd.io/etcd/server/v3/etcdmain/etcd.go:228\ngo.etcd.io/etcd/server/v3/etcdmain.startEtcdOrProxyV2\n\tgo.etcd.io/etcd/server/v3/etcdmain/etcd.go:123\ngo.etcd.io/etcd/server/v3/etcdmain.Main\n\tgo.etcd.io/etcd/server/v3/etcdmain/main.go:40\nmain.main\n\tgo.etcd.io/etcd/server/v3/main.go:31\nruntime.main\n\truntime/proc.go:267"}
{"level":"info","ts":"2024-06-04T11:44:04.296746+0800","caller":"embed/etcd.go:376","msg":"closing etcd server","name":"default","data-dir":"default.etcd","advertise-peer-urls":["http://localhost:2380"],"advertise-client-urls":["http://localhost:2379"]}
{"level":"info","ts":"2024-06-04T11:44:04.296862+0800","caller":"embed/etcd.go:378","msg":"closed etcd server","name":"default","data-dir":"default.etcd","advertise-peer-urls":["http://localhost:2380"],"advertise-client-urls":["http://localhost:2379"]}
{"level":"fatal","ts":"2024-06-04T11:44:04.305656+0800","caller":"etcdmain/etcd.go:204","msg":"discovery failed","error":"listen tcp 127.0.0.1:2380: bind: address already in use","stacktrace":"go.etcd.io/etcd/server/v3/etcdmain.startEtcdOrProxyV2\n\tgo.etcd.io/etcd/server/v3/etcdmain/etcd.go:204\ngo.etcd.io/etcd/server/v3/etcdmain.Main\n\tgo.etcd.io/etcd/server/v3/etcdmain/main.go:40\nmain.main\n\tgo.etcd.io/etcd/server/v3/main.go:31\nruntime.main\n\truntime/proc.go:267"}
{"level":"warn","ts":"2024-06-04T11:48:51.643405+0800","caller":"embed/config.go:687","msg":"Running http and grpc server on single port. This is not recommended for production."}
{"level":"info","ts":"2024-06-04T11:48:51.643671+0800","caller":"etcdmain/etcd.go:73","msg":"Running: ","args":["etcd"]}
{"level":"warn","ts":"2024-06-04T11:48:51.643768+0800","caller":"etcdmain/etcd.go:105","msg":"'data-dir' was empty; using default","data-dir":"default.etcd"}
{"level":"info","ts":"2024-06-04T11:48:51.644479+0800","caller":"etcdmain/etcd.go:116","msg":"server has been already initialized","data-dir":"default.etcd","dir-type":"member"}
{"level":"warn","ts":"2024-06-04T11:48:51.644561+0800","caller":"embed/config.go:687","msg":"Running http and grpc server on single port. This is not recommended for production."}
{"level":"info","ts":"2024-06-04T11:48:51.644628+0800","caller":"embed/etcd.go:127","msg":"configuring peer listeners","listen-peer-urls":["http://localhost:2380"]}
{"level":"error","ts":"2024-06-04T11:48:51.644876+0800","caller":"embed/etcd.go:537","msg":"creating peer listener failed","error":"listen tcp 127.0.0.1:2380: bind: address already in use","stacktrace":"go.etcd.io/etcd/server/v3/embed.configurePeerListeners\n\tgo.etcd.io/etcd/server/v3/embed/etcd.go:537\ngo.etcd.io/etcd/server/v3/embed.StartEtcd\n\tgo.etcd.io/etcd/server/v3/embed/etcd.go:131\ngo.etcd.io/etcd/server/v3/etcdmain.startEtcd\n\tgo.etcd.io/etcd/server/v3/etcdmain/etcd.go:228\ngo.etcd.io/etcd/server/v3/etcdmain.startEtcdOrProxyV2\n\tgo.etcd.io/etcd/server/v3/etcdmain/etcd.go:123\ngo.etcd.io/etcd/server/v3/etcdmain.Main\n\tgo.etcd.io/etcd/server/v3/etcdmain/main.go:40\nmain.main\n\tgo.etcd.io/etcd/server/v3/main.go:31\nruntime.main\n\truntime/proc.go:267"}
{"level":"info","ts":"2024-06-04T11:48:51.645018+0800","caller":"embed/etcd.go:376","msg":"closing etcd server","name":"default","data-dir":"default.etcd","advertise-peer-urls":["http://localhost:2380"],"advertise-client-urls":["http://localhost:2379"]}
{"level":"info","ts":"2024-06-04T11:48:51.645113+0800","caller":"embed/etcd.go:378","msg":"closed etcd server","name":"default","data-dir":"default.etcd","advertise-peer-urls":["http://localhost:2380"],"advertise-client-urls":["http://localhost:2379"]}
{"level":"fatal","ts":"2024-06-04T11:48:51.646374+0800","caller":"etcdmain/etcd.go:204","msg":"discovery failed","error":"listen tcp 127.0.0.1:2380: bind: address already in use","stacktrace":"go.etcd.io/etcd/server/v3/etcdmain.startEtcdOrProxyV2\n\tgo.etcd.io/etcd/server/v3/etcdmain/etcd.go:204\ngo.etcd.io/etcd/server/v3/etcdmain.Main\n\tgo.etcd.io/etcd/server/v3/etcdmain/main.go:40\nmain.main\n\tgo.etcd.io/etcd/server/v3/main.go:31\nruntime.main\n\truntime/proc.go:267"}
{"level":"warn","ts":"2024-06-04T11:53:20.546827+0800","caller":"embed/config.go:687","msg":"Running http and grpc server on single port. This is not recommended for production."}
{"level":"info","ts":"2024-06-04T11:53:20.554723+0800","caller":"etcdmain/etcd.go:73","msg":"Running: ","args":["etcd"]}
{"level":"warn","ts":"2024-06-04T11:53:20.55483+0800","caller":"etcdmain/etcd.go:105","msg":"'data-dir' was empty; using default","data-dir":"default.etcd"}
{"level":"info","ts":"2024-06-04T11:53:20.55544+0800","caller":"etcdmain/etcd.go:116","msg":"server has been already initialized","data-dir":"default.etcd","dir-type":"member"}
{"level":"warn","ts":"2024-06-04T11:53:20.555518+0800","caller":"embed/config.go:687","msg":"Running http and grpc server on single port. This is not recommended for production."}
{"level":"info","ts":"2024-06-04T11:53:20.555594+0800","caller":"embed/etcd.go:127","msg":"configuring peer listeners","listen-peer-urls":["http://localhost:2380"]}
{"level":"error","ts":"2024-06-04T11:53:20.555856+0800","caller":"embed/etcd.go:537","msg":"creating peer listener failed","error":"listen tcp 127.0.0.1:2380: bind: address already in use","stacktrace":"go.etcd.io/etcd/server/v3/embed.configurePeerListeners\n\tgo.etcd.io/etcd/server/v3/embed/etcd.go:537\ngo.etcd.io/etcd/server/v3/embed.StartEtcd\n\tgo.etcd.io/etcd/server/v3/embed/etcd.go:131\ngo.etcd.io/etcd/server/v3/etcdmain.startEtcd\n\tgo.etcd.io/etcd/server/v3/etcdmain/etcd.go:228\ngo.etcd.io/etcd/server/v3/etcdmain.startEtcdOrProxyV2\n\tgo.etcd.io/etcd/server/v3/etcdmain/etcd.go:123\ngo.etcd.io/etcd/server/v3/etcdmain.Main\n\tgo.etcd.io/etcd/server/v3/etcdmain/main.go:40\nmain.main\n\tgo.etcd.io/etcd/server/v3/main.go:31\nruntime.main\n\truntime/proc.go:267"}
{"level":"info","ts":"2024-06-04T11:53:20.555959+0800","caller":"embed/etcd.go:376","msg":"closing etcd server","name":"default","data-dir":"default.etcd","advertise-peer-urls":["http://localhost:2380"],"advertise-client-urls":["http://localhost:2379"]}
{"level":"info","ts":"2024-06-04T11:53:20.556029+0800","caller":"embed/etcd.go:378","msg":"closed etcd server","name":"default","data-dir":"default.etcd","advertise-peer-urls":["http://localhost:2380"],"advertise-client-urls":["http://localhost:2379"]}
{"level":"fatal","ts":"2024-06-04T11:53:20.560348+0800","caller":"etcdmain/etcd.go:204","msg":"discovery failed","error":"listen tcp 127.0.0.1:2380: bind: address already in use","stacktrace":"go.etcd.io/etcd/server/v3/etcdmain.startEtcdOrProxyV2\n\tgo.etcd.io/etcd/server/v3/etcdmain/etcd.go:204\ngo.etcd.io/etcd/server/v3/etcdmain.Main\n\tgo.etcd.io/etcd/server/v3/etcdmain/main.go:40\nmain.main\n\tgo.etcd.io/etcd/server/v3/main.go:31\nruntime.main\n\truntime/proc.go:267"}
{"level":"warn","ts":"2024-06-04T12:44:55.237941+0800","caller":"embed/config.go:687","msg":"Running http and grpc server on single port. This is not recommended for production."}
{"level":"info","ts":"2024-06-04T12:44:55.239877+0800","caller":"etcdmain/etcd.go:73","msg":"Running: ","args":["etcd"]}
{"level":"warn","ts":"2024-06-04T12:44:55.240033+0800","caller":"etcdmain/etcd.go:105","msg":"'data-dir' was empty; using default","data-dir":"default.etcd"}
{"level":"info","ts":"2024-06-04T12:44:55.240892+0800","caller":"etcdmain/etcd.go:116","msg":"server has been already initialized","data-dir":"default.etcd","dir-type":"member"}
{"level":"warn","ts":"2024-06-04T12:44:55.241014+0800","caller":"embed/config.go:687","msg":"Running http and grpc server on single port. This is not recommended for production."}
{"level":"info","ts":"2024-06-04T12:44:55.241124+0800","caller":"embed/etcd.go:127","msg":"configuring peer listeners","listen-peer-urls":["http://localhost:2380"]}
{"level":"error","ts":"2024-06-04T12:44:55.241506+0800","caller":"embed/etcd.go:537","msg":"creating peer listener failed","error":"listen tcp 127.0.0.1:2380: bind: address already in use","stacktrace":"go.etcd.io/etcd/server/v3/embed.configurePeerListeners\n\tgo.etcd.io/etcd/server/v3/embed/etcd.go:537\ngo.etcd.io/etcd/server/v3/embed.StartEtcd\n\tgo.etcd.io/etcd/server/v3/embed/etcd.go:131\ngo.etcd.io/etcd/server/v3/etcdmain.startEtcd\n\tgo.etcd.io/etcd/server/v3/etcdmain/etcd.go:228\ngo.etcd.io/etcd/server/v3/etcdmain.startEtcdOrProxyV2\n\tgo.etcd.io/etcd/server/v3/etcdmain/etcd.go:123\ngo.etcd.io/etcd/server/v3/etcdmain.Main\n\tgo.etcd.io/etcd/server/v3/etcdmain/main.go:40\nmain.main\n\tgo.etcd.io/etcd/server/v3/main.go:31\nruntime.main\n\truntime/proc.go:267"}
{"level":"info","ts":"2024-06-04T12:44:55.241717+0800","caller":"embed/etcd.go:376","msg":"closing etcd server","name":"default","data-dir":"default.etcd","advertise-peer-urls":["http://localhost:2380"],"advertise-client-urls":["http://localhost:2379"]}
{"level":"info","ts":"2024-06-04T12:44:55.241802+0800","caller":"embed/etcd.go:378","msg":"closed etcd server","name":"default","data-dir":"default.etcd","advertise-peer-urls":["http://localhost:2380"],"advertise-client-urls":["http://localhost:2379"]}
{"level":"fatal","ts":"2024-06-04T12:44:55.243042+0800","caller":"etcdmain/etcd.go:204","msg":"discovery failed","error":"listen tcp 127.0.0.1:2380: bind: address already in use","stacktrace":"go.etcd.io/etcd/server/v3/etcdmain.startEtcdOrProxyV2\n\tgo.etcd.io/etcd/server/v3/etcdmain/etcd.go:204\ngo.etcd.io/etcd/server/v3/etcdmain.Main\n\tgo.etcd.io/etcd/server/v3/etcdmain/main.go:40\nmain.main\n\tgo.etcd.io/etcd/server/v3/main.go:31\nruntime.main\n\truntime/proc.go:267"}
{"level":"warn","ts":"2024-06-04T12:50:00.544553+0800","caller":"embed/config.go:687","msg":"Running http and grpc server on single port. This is not recommended for production."}
{"level":"info","ts":"2024-06-04T12:50:00.546133+0800","caller":"etcdmain/etcd.go:73","msg":"Running: ","args":["etcd"]}
{"level":"warn","ts":"2024-06-04T12:50:00.546257+0800","caller":"etcdmain/etcd.go:105","msg":"'data-dir' was empty; using default","data-dir":"default.etcd"}
{"level":"info","ts":"2024-06-04T12:50:00.546993+0800","caller":"etcdmain/etcd.go:116","msg":"server has been already initialized","data-dir":"default.etcd","dir-type":"member"}
{"level":"warn","ts":"2024-06-04T12:50:00.547091+0800","caller":"embed/config.go:687","msg":"Running http and grpc server on single port. This is not recommended for production."}
{"level":"info","ts":"2024-06-04T12:50:00.547184+0800","caller":"embed/etcd.go:127","msg":"configuring peer listeners","listen-peer-urls":["http://localhost:2380"]}
{"level":"error","ts":"2024-06-04T12:50:00.547912+0800","caller":"embed/etcd.go:537","msg":"creating peer listener failed","error":"listen tcp 127.0.0.1:2380: bind: address already in use","stacktrace":"go.etcd.io/etcd/server/v3/embed.configurePeerListeners\n\tgo.etcd.io/etcd/server/v3/embed/etcd.go:537\ngo.etcd.io/etcd/server/v3/embed.StartEtcd\n\tgo.etcd.io/etcd/server/v3/embed/etcd.go:131\ngo.etcd.io/etcd/server/v3/etcdmain.startEtcd\n\tgo.etcd.io/etcd/server/v3/etcdmain/etcd.go:228\ngo.etcd.io/etcd/server/v3/etcdmain.startEtcdOrProxyV2\n\tgo.etcd.io/etcd/server/v3/etcdmain/etcd.go:123\ngo.etcd.io/etcd/server/v3/etcdmain.Main\n\tgo.etcd.io/etcd/server/v3/etcdmain/main.go:40\nmain.main\n\tgo.etcd.io/etcd/server/v3/main.go:31\nruntime.main\n\truntime/proc.go:267"}
{"level":"info","ts":"2024-06-04T12:50:00.548081+0800","caller":"embed/etcd.go:376","msg":"closing etcd server","name":"default","data-dir":"default.etcd","advertise-peer-urls":["http://localhost:2380"],"advertise-client-urls":["http://localhost:2379"]}
{"level":"info","ts":"2024-06-04T12:50:00.548156+0800","caller":"embed/etcd.go:378","msg":"closed etcd server","name":"default","data-dir":"default.etcd","advertise-peer-urls":["http://localhost:2380"],"advertise-client-urls":["http://localhost:2379"]}
{"level":"fatal","ts":"2024-06-04T12:50:00.54928+0800","caller":"etcdmain/etcd.go:204","msg":"discovery failed","error":"listen tcp 127.0.0.1:2380: bind: address already in use","stacktrace":"go.etcd.io/etcd/server/v3/etcdmain.startEtcdOrProxyV2\n\tgo.etcd.io/etcd/server/v3/etcdmain/etcd.go:204\ngo.etcd.io/etcd/server/v3/etcdmain.Main\n\tgo.etcd.io/etcd/server/v3/etcdmain/main.go:40\nmain.main\n\tgo.etcd.io/etcd/server/v3/main.go:31\nruntime.main\n\truntime/proc.go:267"}
{"level":"warn","ts":"2024-06-04T13:00:15.915569+0800","caller":"embed/config.go:687","msg":"Running http and grpc server on single port. This is not recommended for production."}
{"level":"info","ts":"2024-06-04T13:00:15.915973+0800","caller":"etcdmain/etcd.go:73","msg":"Running: ","args":["etcd"]}
{"level":"warn","ts":"2024-06-04T13:00:15.916143+0800","caller":"etcdmain/etcd.go:105","msg":"'data-dir' was empty; using default","data-dir":"default.etcd"}
{"level":"info","ts":"2024-06-04T13:00:15.916982+0800","caller":"etcdmain/etcd.go:116","msg":"server has been already initialized","data-dir":"default.etcd","dir-type":"member"}
{"level":"warn","ts":"2024-06-04T13:00:15.917091+0800","caller":"embed/config.go:687","msg":"Running http and grpc server on single port. This is not recommended for production."}
{"level":"info","ts":"2024-06-04T13:00:15.917197+0800","caller":"embed/etcd.go:127","msg":"configuring peer listeners","listen-peer-urls":["http://localhost:2380"]}
{"level":"error","ts":"2024-06-04T13:00:15.917525+0800","caller":"embed/etcd.go:537","msg":"creating peer listener failed","error":"listen tcp 127.0.0.1:2380: bind: address already in use","stacktrace":"go.etcd.io/etcd/server/v3/embed.configurePeerListeners\n\tgo.etcd.io/etcd/server/v3/embed/etcd.go:537\ngo.etcd.io/etcd/server/v3/embed.StartEtcd\n\tgo.etcd.io/etcd/server/v3/embed/etcd.go:131\ngo.etcd.io/etcd/server/v3/etcdmain.startEtcd\n\tgo.etcd.io/etcd/server/v3/etcdmain/etcd.go:228\ngo.etcd.io/etcd/server/v3/etcdmain.startEtcdOrProxyV2\n\tgo.etcd.io/etcd/server/v3/etcdmain/etcd.go:123\ngo.etcd.io/etcd/server/v3/etcdmain.Main\n\tgo.etcd.io/etcd/server/v3/etcdmain/main.go:40\nmain.main\n\tgo.etcd.io/etcd/server/v3/main.go:31\nruntime.main\n\truntime/proc.go:267"}
{"level":"info","ts":"2024-06-04T13:00:15.917677+0800","caller":"embed/etcd.go:376","msg":"closing etcd server","name":"default","data-dir":"default.etcd","advertise-peer-urls":["http://localhost:2380"],"advertise-client-urls":["http://localhost:2379"]}
{"level":"info","ts":"2024-06-04T13:00:15.917801+0800","caller":"embed/etcd.go:378","msg":"closed etcd server","name":"default","data-dir":"default.etcd","advertise-peer-urls":["http://localhost:2380"],"advertise-client-urls":["http://localhost:2379"]}
{"level":"fatal","ts":"2024-06-04T13:00:15.919281+0800","caller":"etcdmain/etcd.go:204","msg":"discovery failed","error":"listen tcp 127.0.0.1:2380: bind: address already in use","stacktrace":"go.etcd.io/etcd/server/v3/etcdmain.startEtcdOrProxyV2\n\tgo.etcd.io/etcd/server/v3/etcdmain/etcd.go:204\ngo.etcd.io/etcd/server/v3/etcdmain.Main\n\tgo.etcd.io/etcd/server/v3/etcdmain/main.go:40\nmain.main\n\tgo.etcd.io/etcd/server/v3/main.go:31\nruntime.main\n\truntime/proc.go:267"}
{"level":"warn","ts":"2024-06-04T13:04:56.306302+0800","caller":"embed/config.go:687","msg":"Running http and grpc server on single port. This is not recommended for production."}
{"level":"info","ts":"2024-06-04T13:04:56.306609+0800","caller":"etcdmain/etcd.go:73","msg":"Running: ","args":["etcd"]}
{"level":"warn","ts":"2024-06-04T13:04:56.306739+0800","caller":"etcdmain/etcd.go:105","msg":"'data-dir' was empty; using default","data-dir":"default.etcd"}
{"level":"info","ts":"2024-06-04T13:04:56.307428+0800","caller":"etcdmain/etcd.go:116","msg":"server has been already initialized","data-dir":"default.etcd","dir-type":"member"}
{"level":"warn","ts":"2024-06-04T13:04:56.30753+0800","caller":"embed/config.go:687","msg":"Running http and grpc server on single port. This is not recommended for production."}
{"level":"info","ts":"2024-06-04T13:04:56.307626+0800","caller":"embed/etcd.go:127","msg":"configuring peer listeners","listen-peer-urls":["http://localhost:2380"]}
{"level":"error","ts":"2024-06-04T13:04:56.307905+0800","caller":"embed/etcd.go:537","msg":"creating peer listener failed","error":"listen tcp 127.0.0.1:2380: bind: address already in use","stacktrace":"go.etcd.io/etcd/server/v3/embed.configurePeerListeners\n\tgo.etcd.io/etcd/server/v3/embed/etcd.go:537\ngo.etcd.io/etcd/server/v3/embed.StartEtcd\n\tgo.etcd.io/etcd/server/v3/embed/etcd.go:131\ngo.etcd.io/etcd/server/v3/etcdmain.startEtcd\n\tgo.etcd.io/etcd/server/v3/etcdmain/etcd.go:228\ngo.etcd.io/etcd/server/v3/etcdmain.startEtcdOrProxyV2\n\tgo.etcd.io/etcd/server/v3/etcdmain/etcd.go:123\ngo.etcd.io/etcd/server/v3/etcdmain.Main\n\tgo.etcd.io/etcd/server/v3/etcdmain/main.go:40\nmain.main\n\tgo.etcd.io/etcd/server/v3/main.go:31\nruntime.main\n\truntime/proc.go:267"}
{"level":"info","ts":"2024-06-04T13:04:56.3081+0800","caller":"embed/etcd.go:376","msg":"closing etcd server","name":"default","data-dir":"default.etcd","advertise-peer-urls":["http://localhost:2380"],"advertise-client-urls":["http://localhost:2379"]}
{"level":"info","ts":"2024-06-04T13:04:56.308188+0800","caller":"embed/etcd.go:378","msg":"closed etcd server","name":"default","data-dir":"default.etcd","advertise-peer-urls":["http://localhost:2380"],"advertise-client-urls":["http://localhost:2379"]}
{"level":"fatal","ts":"2024-06-04T13:04:56.309558+0800","caller":"etcdmain/etcd.go:204","msg":"discovery failed","error":"listen tcp 127.0.0.1:2380: bind: address already in use","stacktrace":"go.etcd.io/etcd/server/v3/etcdmain.startEtcdOrProxyV2\n\tgo.etcd.io/etcd/server/v3/etcdmain/etcd.go:204\ngo.etcd.io/etcd/server/v3/etcdmain.Main\n\tgo.etcd.io/etcd/server/v3/etcdmain/main.go:40\nmain.main\n\tgo.etcd.io/etcd/server/v3/main.go:31\nruntime.main\n\truntime/proc.go:267"}
{"level":"warn","ts":"2024-06-04T13:14:34.137434+0800","caller":"embed/config.go:687","msg":"Running http and grpc server on single port. This is not recommended for production."}
{"level":"info","ts":"2024-06-04T13:14:34.139474+0800","caller":"etcdmain/etcd.go:73","msg":"Running: ","args":["etcd"]}
{"level":"warn","ts":"2024-06-04T13:14:34.139611+0800","caller":"etcdmain/etcd.go:105","msg":"'data-dir' was empty; using default","data-dir":"default.etcd"}
{"level":"info","ts":"2024-06-04T13:14:34.140524+0800","caller":"etcdmain/etcd.go:116","msg":"server has been already initialized","data-dir":"default.etcd","dir-type":"member"}
{"level":"warn","ts":"2024-06-04T13:14:34.140636+0800","caller":"embed/config.go:687","msg":"Running http and grpc server on single port. This is not recommended for production."}
{"level":"info","ts":"2024-06-04T13:14:34.14073+0800","caller":"embed/etcd.go:127","msg":"configuring peer listeners","listen-peer-urls":["http://localhost:2380"]}
{"level":"error","ts":"2024-06-04T13:14:34.141003+0800","caller":"embed/etcd.go:537","msg":"creating peer listener failed","error":"listen tcp 127.0.0.1:2380: bind: address already in use","stacktrace":"go.etcd.io/etcd/server/v3/embed.configurePeerListeners\n\tgo.etcd.io/etcd/server/v3/embed/etcd.go:537\ngo.etcd.io/etcd/server/v3/embed.StartEtcd\n\tgo.etcd.io/etcd/server/v3/embed/etcd.go:131\ngo.etcd.io/etcd/server/v3/etcdmain.startEtcd\n\tgo.etcd.io/etcd/server/v3/etcdmain/etcd.go:228\ngo.etcd.io/etcd/server/v3/etcdmain.startEtcdOrProxyV2\n\tgo.etcd.io/etcd/server/v3/etcdmain/etcd.go:123\ngo.etcd.io/etcd/server/v3/etcdmain.Main\n\tgo.etcd.io/etcd/server/v3/etcdmain/main.go:40\nmain.main\n\tgo.etcd.io/etcd/server/v3/main.go:31\nruntime.main\n\truntime/proc.go:267"}
{"level":"info","ts":"2024-06-04T13:14:34.141127+0800","caller":"embed/etcd.go:376","msg":"closing etcd server","name":"default","data-dir":"default.etcd","advertise-peer-urls":["http://localhost:2380"],"advertise-client-urls":["http://localhost:2379"]}
{"level":"info","ts":"2024-06-04T13:14:34.141216+0800","caller":"embed/etcd.go:378","msg":"closed etcd server","name":"default","data-dir":"default.etcd","advertise-peer-urls":["http://localhost:2380"],"advertise-client-urls":["http://localhost:2379"]}
{"level":"fatal","ts":"2024-06-04T13:14:34.142442+0800","caller":"etcdmain/etcd.go:204","msg":"discovery failed","error":"listen tcp 127.0.0.1:2380: bind: address already in use","stacktrace":"go.etcd.io/etcd/server/v3/etcdmain.startEtcdOrProxyV2\n\tgo.etcd.io/etcd/server/v3/etcdmain/etcd.go:204\ngo.etcd.io/etcd/server/v3/etcdmain.Main\n\tgo.etcd.io/etcd/server/v3/etcdmain/main.go:40\nmain.main\n\tgo.etcd.io/etcd/server/v3/main.go:31\nruntime.main\n\truntime/proc.go:267"}
{"level":"warn","ts":"2024-06-04T13:28:02.709074+0800","caller":"embed/config.go:687","msg":"Running http and grpc server on single port. This is not recommended for production."}
{"level":"info","ts":"2024-06-04T13:28:02.709623+0800","caller":"etcdmain/etcd.go:73","msg":"Running: ","args":["etcd"]}
{"level":"warn","ts":"2024-06-04T13:28:02.709899+0800","caller":"etcdmain/etcd.go:105","msg":"'data-dir' was empty; using default","data-dir":"default.etcd"}
{"level":"info","ts":"2024-06-04T13:28:02.711967+0800","caller":"etcdmain/etcd.go:116","msg":"server has been already initialized","data-dir":"default.etcd","dir-type":"member"}
{"level":"warn","ts":"2024-06-04T13:28:02.712226+0800","caller":"embed/config.go:687","msg":"Running http and grpc server on single port. This is not recommended for production."}
{"level":"info","ts":"2024-06-04T13:28:02.71242+0800","caller":"embed/etcd.go:127","msg":"configuring peer listeners","listen-peer-urls":["http://localhost:2380"]}
{"level":"error","ts":"2024-06-04T13:28:02.712918+0800","caller":"embed/etcd.go:537","msg":"creating peer listener failed","error":"listen tcp 127.0.0.1:2380: bind: address already in use","stacktrace":"go.etcd.io/etcd/server/v3/embed.configurePeerListeners\n\tgo.etcd.io/etcd/server/v3/embed/etcd.go:537\ngo.etcd.io/etcd/server/v3/embed.StartEtcd\n\tgo.etcd.io/etcd/server/v3/embed/etcd.go:131\ngo.etcd.io/etcd/server/v3/etcdmain.startEtcd\n\tgo.etcd.io/etcd/server/v3/etcdmain/etcd.go:228\ngo.etcd.io/etcd/server/v3/etcdmain.startEtcdOrProxyV2\n\tgo.etcd.io/etcd/server/v3/etcdmain/etcd.go:123\ngo.etcd.io/etcd/server/v3/etcdmain.Main\n\tgo.etcd.io/etcd/server/v3/etcdmain/main.go:40\nmain.main\n\tgo.etcd.io/etcd/server/v3/main.go:31\nruntime.main\n\truntime/proc.go:267"}
{"level":"info","ts":"2024-06-04T13:28:02.71326+0800","caller":"embed/etcd.go:376","msg":"closing etcd server","name":"default","data-dir":"default.etcd","advertise-peer-urls":["http://localhost:2380"],"advertise-client-urls":["http://localhost:2379"]}
{"level":"info","ts":"2024-06-04T13:28:02.713512+0800","caller":"embed/etcd.go:378","msg":"closed etcd server","name":"default","data-dir":"default.etcd","advertise-peer-urls":["http://localhost:2380"],"advertise-client-urls":["http://localhost:2379"]}
{"level":"fatal","ts":"2024-06-04T13:28:02.716779+0800","caller":"etcdmain/etcd.go:204","msg":"discovery failed","error":"listen tcp 127.0.0.1:2380: bind: address already in use","stacktrace":"go.etcd.io/etcd/server/v3/etcdmain.startEtcdOrProxyV2\n\tgo.etcd.io/etcd/server/v3/etcdmain/etcd.go:204\ngo.etcd.io/etcd/server/v3/etcdmain.Main\n\tgo.etcd.io/etcd/server/v3/etcdmain/main.go:40\nmain.main\n\tgo.etcd.io/etcd/server/v3/main.go:31\nruntime.main\n\truntime/proc.go:267"}
{"level":"warn","ts":"2024-06-04T13:29:10.715374+0800","caller":"embed/config.go:687","msg":"Running http and grpc server on single port. This is not recommended for production."}
{"level":"info","ts":"2024-06-04T13:29:10.715968+0800","caller":"etcdmain/etcd.go:73","msg":"Running: ","args":["etcd"]}
{"level":"warn","ts":"2024-06-04T13:29:10.716241+0800","caller":"etcdmain/etcd.go:105","msg":"'data-dir' was empty; using default","data-dir":"default.etcd"}
{"level":"info","ts":"2024-06-04T13:29:10.718067+0800","caller":"etcdmain/etcd.go:116","msg":"server has been already initialized","data-dir":"default.etcd","dir-type":"member"}
{"level":"warn","ts":"2024-06-04T13:29:10.718274+0800","caller":"embed/config.go:687","msg":"Running http and grpc server on single port. This is not recommended for production."}
{"level":"info","ts":"2024-06-04T13:29:10.718464+0800","caller":"embed/etcd.go:127","msg":"configuring peer listeners","listen-peer-urls":["http://localhost:2380"]}
{"level":"error","ts":"2024-06-04T13:29:10.718877+0800","caller":"embed/etcd.go:537","msg":"creating peer listener failed","error":"listen tcp 127.0.0.1:2380: bind: address already in use","stacktrace":"go.etcd.io/etcd/server/v3/embed.configurePeerListeners\n\tgo.etcd.io/etcd/server/v3/embed/etcd.go:537\ngo.etcd.io/etcd/server/v3/embed.StartEtcd\n\tgo.etcd.io/etcd/server/v3/embed/etcd.go:131\ngo.etcd.io/etcd/server/v3/etcdmain.startEtcd\n\tgo.etcd.io/etcd/server/v3/etcdmain/etcd.go:228\ngo.etcd.io/etcd/server/v3/etcdmain.startEtcdOrProxyV2\n\tgo.etcd.io/etcd/server/v3/etcdmain/etcd.go:123\ngo.etcd.io/etcd/server/v3/etcdmain.Main\n\tgo.etcd.io/etcd/server/v3/etcdmain/main.go:40\nmain.main\n\tgo.etcd.io/etcd/server/v3/main.go:31\nruntime.main\n\truntime/proc.go:267"}
{"level":"info","ts":"2024-06-04T13:29:10.719307+0800","caller":"embed/etcd.go:376","msg":"closing etcd server","name":"default","data-dir":"default.etcd","advertise-peer-urls":["http://localhost:2380"],"advertise-client-urls":["http://localhost:2379"]}
{"level":"info","ts":"2024-06-04T13:29:10.719534+0800","caller":"embed/etcd.go:378","msg":"closed etcd server","name":"default","data-dir":"default.etcd","advertise-peer-urls":["http://localhost:2380"],"advertise-client-urls":["http://localhost:2379"]}
{"level":"fatal","ts":"2024-06-04T13:29:10.722568+0800","caller":"etcdmain/etcd.go:204","msg":"discovery failed","error":"listen tcp 127.0.0.1:2380: bind: address already in use","stacktrace":"go.etcd.io/etcd/server/v3/etcdmain.startEtcdOrProxyV2\n\tgo.etcd.io/etcd/server/v3/etcdmain/etcd.go:204\ngo.etcd.io/etcd/server/v3/etcdmain.Main\n\tgo.etcd.io/etcd/server/v3/etcdmain/main.go:40\nmain.main\n\tgo.etcd.io/etcd/server/v3/main.go:31\nruntime.main\n\truntime/proc.go:267"}
{"level":"warn","ts":"2024-06-04T13:29:42.690219+0800","caller":"embed/config.go:687","msg":"Running http and grpc server on single port. This is not recommended for production."}
{"level":"info","ts":"2024-06-04T13:29:42.690671+0800","caller":"etcdmain/etcd.go:73","msg":"Running: ","args":["etcd"]}
{"level":"warn","ts":"2024-06-04T13:29:42.690914+0800","caller":"etcdmain/etcd.go:105","msg":"'data-dir' was empty; using default","data-dir":"default.etcd"}
{"level":"info","ts":"2024-06-04T13:29:42.693045+0800","caller":"etcdmain/etcd.go:116","msg":"server has been already initialized","data-dir":"default.etcd","dir-type":"member"}
{"level":"warn","ts":"2024-06-04T13:29:42.693305+0800","caller":"embed/config.go:687","msg":"Running http and grpc server on single port. This is not recommended for production."}
{"level":"info","ts":"2024-06-04T13:29:42.693594+0800","caller":"embed/etcd.go:127","msg":"configuring peer listeners","listen-peer-urls":["http://localhost:2380"]}
{"level":"error","ts":"2024-06-04T13:29:42.695019+0800","caller":"embed/etcd.go:537","msg":"creating peer listener failed","error":"listen tcp 127.0.0.1:2380: bind: address already in use","stacktrace":"go.etcd.io/etcd/server/v3/embed.configurePeerListeners\n\tgo.etcd.io/etcd/server/v3/embed/etcd.go:537\ngo.etcd.io/etcd/server/v3/embed.StartEtcd\n\tgo.etcd.io/etcd/server/v3/embed/etcd.go:131\ngo.etcd.io/etcd/server/v3/etcdmain.startEtcd\n\tgo.etcd.io/etcd/server/v3/etcdmain/etcd.go:228\ngo.etcd.io/etcd/server/v3/etcdmain.startEtcdOrProxyV2\n\tgo.etcd.io/etcd/server/v3/etcdmain/etcd.go:123\ngo.etcd.io/etcd/server/v3/etcdmain.Main\n\tgo.etcd.io/etcd/server/v3/etcdmain/main.go:40\nmain.main\n\tgo.etcd.io/etcd/server/v3/main.go:31\nruntime.main\n\truntime/proc.go:267"}
{"level":"info","ts":"2024-06-04T13:29:42.695577+0800","caller":"embed/etcd.go:376","msg":"closing etcd server","name":"default","data-dir":"default.etcd","advertise-peer-urls":["http://localhost:2380"],"advertise-client-urls":["http://localhost:2379"]}
{"level":"info","ts":"2024-06-04T13:29:42.695825+0800","caller":"embed/etcd.go:378","msg":"closed etcd server","name":"default","data-dir":"default.etcd","advertise-peer-urls":["http://localhost:2380"],"advertise-client-urls":["http://localhost:2379"]}
{"level":"fatal","ts":"2024-06-04T13:29:42.705163+0800","caller":"etcdmain/etcd.go:204","msg":"discovery failed","error":"listen tcp 127.0.0.1:2380: bind: address already in use","stacktrace":"go.etcd.io/etcd/server/v3/etcdmain.startEtcdOrProxyV2\n\tgo.etcd.io/etcd/server/v3/etcdmain/etcd.go:204\ngo.etcd.io/etcd/server/v3/etcdmain.Main\n\tgo.etcd.io/etcd/server/v3/etcdmain/main.go:40\nmain.main\n\tgo.etcd.io/etcd/server/v3/main.go:31\nruntime.main\n\truntime/proc.go:267"}
